TN:test
SF:v2/src/execution/cleanup.ts
FN:1,(anonymous)_1
FNF:1
FNH:1
DA:1,1
DA:2,1
DA:3,1
DA:4,1
DA:5,1
DA:10,1
DA:11,1
DA:12,1
DA:13,1
DA:14,1
DA:15,1
DA:20,1
DA:21,1
DA:100,1
DA:101,1
DA:102,1
DA:103,1
DA:104,1
DA:105,1
DA:110,1
DA:111,0
DA:112,1
DA:113,1
DA:114,1
DA:115,1
DA:150,1
DA:151,1
DA:152,1
DA:153,1
DA:154,1
DA:155,1
DA:160,1
DA:161,0
DA:162,1
DA:163,1
DA:164,1
DA:165,1
LH:32
LF:33
end_of_record
SF:v2/src/execution/other.ts
FN:1,(anonymous)_1
FNF:1
FNH:1
DA:1,1
DA:2,1
DA:3,1
LH:3
LF:3
end_of_record
